2017-10-04 04:18:59 Gateway: Worker->name conflict. Key:127.0.0.1:ChatBusinessWorker:0
2017-10-04 04:19:00 Gateway: Worker->name conflict. Key:127.0.0.1:ChatBusinessWorker:0
2017-10-04 04:19:01 Gateway: Worker->name conflict. Key:127.0.0.1:ChatBusinessWorker:0
2017-10-04 04:19:02 Gateway: Worker->name conflict. Key:127.0.0.1:ChatBusinessWorker:0
2017-10-04 04:19:03 Gateway: Worker->name conflict. Key:127.0.0.1:ChatBusinessWorker:0
2017-10-04 04:19:04 Gateway: Worker->name conflict. Key:127.0.0.1:ChatBusinessWorker:0
2017-10-04 04:19:05 Gateway: Worker->name conflict. Key:127.0.0.1:ChatBusinessWorker:0
2017-10-04 04:19:06 Gateway: Worker->name conflict. Key:127.0.0.1:ChatBusinessWorker:0
2017-10-04 04:19:07 Gateway: Worker->name conflict. Key:127.0.0.1:ChatBusinessWorker:0
2017-10-04 04:19:08 Gateway: Worker->name conflict. Key:127.0.0.1:ChatBusinessWorker:0
2017-10-04 04:19:09 Gateway: Worker->name conflict. Key:127.0.0.1:ChatBusinessWorker:0
2017-10-04 04:19:10 Gateway: Worker->name conflict. Key:127.0.0.1:ChatBusinessWorker:0
2017-10-04 04:19:11 Gateway: Worker->name conflict. Key:127.0.0.1:ChatBusinessWorker:0
2017-10-04 04:19:12 Gateway: Worker->name conflict. Key:127.0.0.1:ChatBusinessWorker:0
2017-10-04 04:19:13 Gateway: Worker->name conflict. Key:127.0.0.1:ChatBusinessWorker:0
2017-10-04 04:19:14 Gateway: Worker->name conflict. Key:127.0.0.1:ChatBusinessWorker:0
2017-10-04 04:19:15 Gateway: Worker->name conflict. Key:127.0.0.1:ChatBusinessWorker:0
2017-10-04 04:19:16 Gateway: Worker->name conflict. Key:127.0.0.1:ChatBusinessWorker:0
2017-10-04 04:19:17 Gateway: Worker->name conflict. Key:127.0.0.1:ChatBusinessWorker:0
2017-10-04 04:19:18 Gateway: Worker->name conflict. Key:127.0.0.1:ChatBusinessWorker:0
2017-10-04 04:19:19 Gateway: Worker->name conflict. Key:127.0.0.1:ChatBusinessWorker:0
2017-10-04 04:22:09 Exception: $message_data['update'] none. client_ip:127.0.0.1 $message:{"type":"login","client_name":"12334566"} in D:\web\gobang\Events.php:65
Stack trace:
#0 [internal function]: Events::onMessage('7f00000108fc000...', '{"type":"login"...')
#1 D:\web\gobang\externallibraries\workerman\gateway-worker-for-win\src\BusinessWorker.php(384): call_user_func('Events::onMessa...', '7f00000108fc000...', '{"type":"login"...')
#2 [internal function]: GatewayWorker\BusinessWorker->onGatewayMessage(Object(Workerman\Connection\AsyncTcpConnection), Array)
#3 D:\web\gobang\externallibraries\workerman\workerman-for-win\Connection\TcpConnection.php(629): call_user_func(Array, Object(Workerman\Connection\AsyncTcpConnection), Array)
#4 [internal function]: Workerman\Connection\TcpConnection->baseRead(Resource id #27)
#5 D:\web\gobang\externallibraries\workerman\workerman-for-win\Events\Select.php(286): call_user_func_array(Array, Array)
#6 D:\web\gobang\externallibraries\workerman\workerman-for-win\Worker.php(856): Workerman\Events\Select->loop()
#7 D:\web\gobang\externallibraries\workerman\gateway-worker-for-win\src\BusinessWorker.php(190): Workerman\Worker->run()
#8 D:\web\gobang\externallibraries\workerman\workerman-for-win\Worker.php(473): GatewayWorker\BusinessWorker->run()
#9 D:\web\gobang\externallibraries\workerman\workerman-for-win\Worker.php(382): Workerman\Worker::runAllWorkers()
#10 D:\web\gobang\start_businessworker.php(33): Workerman\Worker::runAll()
#11 {main}
2017-10-04 04:22:10 Exception: $message_data['update'] none. client_ip:127.0.0.1 $message:{"type":"update","data":"201"} in D:\web\gobang\Events.php:65
Stack trace:
#0 [internal function]: Events::onMessage('7f00000108fc000...', '{"type":"update...')
#1 D:\web\gobang\externallibraries\workerman\gateway-worker-for-win\src\BusinessWorker.php(384): call_user_func('Events::onMessa...', '7f00000108fc000...', '{"type":"update...')
#2 [internal function]: GatewayWorker\BusinessWorker->onGatewayMessage(Object(Workerman\Connection\AsyncTcpConnection), Array)
#3 D:\web\gobang\externallibraries\workerman\workerman-for-win\Connection\TcpConnection.php(629): call_user_func(Array, Object(Workerman\Connection\AsyncTcpConnection), Array)
#4 [internal function]: Workerman\Connection\TcpConnection->baseRead(Resource id #27)
#5 D:\web\gobang\externallibraries\workerman\workerman-for-win\Events\Select.php(286): call_user_func_array(Array, Array)
#6 D:\web\gobang\externallibraries\workerman\workerman-for-win\Worker.php(856): Workerman\Events\Select->loop()
#7 D:\web\gobang\externallibraries\workerman\gateway-worker-for-win\src\BusinessWorker.php(190): Workerman\Worker->run()
#8 D:\web\gobang\externallibraries\workerman\workerman-for-win\Worker.php(473): GatewayWorker\BusinessWorker->run()
#9 D:\web\gobang\externallibraries\workerman\workerman-for-win\Worker.php(382): Workerman\Worker::runAllWorkers()
#10 D:\web\gobang\start_businessworker.php(33): Workerman\Worker::runAll()
#11 {main}
2017-10-04 04:22:11 Exception: $message_data['update'] none. client_ip:127.0.0.1 $message:{"type":"update","data":"101"} in D:\web\gobang\Events.php:65
Stack trace:
#0 [internal function]: Events::onMessage('7f00000108fc000...', '{"type":"update...')
#1 D:\web\gobang\externallibraries\workerman\gateway-worker-for-win\src\BusinessWorker.php(384): call_user_func('Events::onMessa...', '7f00000108fc000...', '{"type":"update...')
#2 [internal function]: GatewayWorker\BusinessWorker->onGatewayMessage(Object(Workerman\Connection\AsyncTcpConnection), Array)
#3 D:\web\gobang\externallibraries\workerman\workerman-for-win\Connection\TcpConnection.php(629): call_user_func(Array, Object(Workerman\Connection\AsyncTcpConnection), Array)
#4 [internal function]: Workerman\Connection\TcpConnection->baseRead(Resource id #27)
#5 D:\web\gobang\externallibraries\workerman\workerman-for-win\Events\Select.php(286): call_user_func_array(Array, Array)
#6 D:\web\gobang\externallibraries\workerman\workerman-for-win\Worker.php(856): Workerman\Events\Select->loop()
#7 D:\web\gobang\externallibraries\workerman\gateway-worker-for-win\src\BusinessWorker.php(190): Workerman\Worker->run()
#8 D:\web\gobang\externallibraries\workerman\workerman-for-win\Worker.php(473): GatewayWorker\BusinessWorker->run()
#9 D:\web\gobang\externallibraries\workerman\workerman-for-win\Worker.php(382): Workerman\Worker::runAllWorkers()
#10 D:\web\gobang\start_businessworker.php(33): Workerman\Worker::runAll()
#11 {main}
2017-10-04 04:22:11 Exception: $message_data['update'] none. client_ip:127.0.0.1 $message:{"type":"update","data":"102"} in D:\web\gobang\Events.php:65
Stack trace:
#0 [internal function]: Events::onMessage('7f00000108fc000...', '{"type":"update...')
#1 D:\web\gobang\externallibraries\workerman\gateway-worker-for-win\src\BusinessWorker.php(384): call_user_func('Events::onMessa...', '7f00000108fc000...', '{"type":"update...')
#2 [internal function]: GatewayWorker\BusinessWorker->onGatewayMessage(Object(Workerman\Connection\AsyncTcpConnection), Array)
#3 D:\web\gobang\externallibraries\workerman\workerman-for-win\Connection\TcpConnection.php(629): call_user_func(Array, Object(Workerman\Connection\AsyncTcpConnection), Array)
#4 [internal function]: Workerman\Connection\TcpConnection->baseRead(Resource id #27)
#5 D:\web\gobang\externallibraries\workerman\workerman-for-win\Events\Select.php(286): call_user_func_array(Array, Array)
#6 D:\web\gobang\externallibraries\workerman\workerman-for-win\Worker.php(856): Workerman\Events\Select->loop()
#7 D:\web\gobang\externallibraries\workerman\gateway-worker-for-win\src\BusinessWorker.php(190): Workerman\Worker->run()
#8 D:\web\gobang\externallibraries\workerman\workerman-for-win\Worker.php(473): GatewayWorker\BusinessWorker->run()
#9 D:\web\gobang\externallibraries\workerman\workerman-for-win\Worker.php(382): Workerman\Worker::runAllWorkers()
#10 D:\web\gobang\start_businessworker.php(33): Workerman\Worker::runAll()
#11 {main}
2017-10-04 04:22:11 Exception: $message_data['update'] none. client_ip:127.0.0.1 $message:{"type":"update","data":"202"} in D:\web\gobang\Events.php:65
Stack trace:
#0 [internal function]: Events::onMessage('7f00000108fc000...', '{"type":"update...')
#1 D:\web\gobang\externallibraries\workerman\gateway-worker-for-win\src\BusinessWorker.php(384): call_user_func('Events::onMessa...', '7f00000108fc000...', '{"type":"update...')
#2 [internal function]: GatewayWorker\BusinessWorker->onGatewayMessage(Object(Workerman\Connection\AsyncTcpConnection), Array)
#3 D:\web\gobang\externallibraries\workerman\workerman-for-win\Connection\TcpConnection.php(629): call_user_func(Array, Object(Workerman\Connection\AsyncTcpConnection), Array)
#4 [internal function]: Workerman\Connection\TcpConnection->baseRead(Resource id #27)
#5 D:\web\gobang\externallibraries\workerman\workerman-for-win\Events\Select.php(286): call_user_func_array(Array, Array)
#6 D:\web\gobang\externallibraries\workerman\workerman-for-win\Worker.php(856): Workerman\Events\Select->loop()
#7 D:\web\gobang\externallibraries\workerman\gateway-worker-for-win\src\BusinessWorker.php(190): Workerman\Worker->run()
#8 D:\web\gobang\externallibraries\workerman\workerman-for-win\Worker.php(473): GatewayWorker\BusinessWorker->run()
#9 D:\web\gobang\externallibraries\workerman\workerman-for-win\Worker.php(382): Workerman\Worker::runAllWorkers()
#10 D:\web\gobang\start_businessworker.php(33): Workerman\Worker::runAll()
#11 {main}
2017-10-04 04:22:21 Exception: $message_data['update'] none. client_ip:127.0.0.1 $message:{"type":"update","data":"105"} in D:\web\gobang\Events.php:65
Stack trace:
#0 [internal function]: Events::onMessage('7f00000108fc000...', '{"type":"update...')
#1 D:\web\gobang\externallibraries\workerman\gateway-worker-for-win\src\BusinessWorker.php(384): call_user_func('Events::onMessa...', '7f00000108fc000...', '{"type":"update...')
#2 [internal function]: GatewayWorker\BusinessWorker->onGatewayMessage(Object(Workerman\Connection\AsyncTcpConnection), Array)
#3 D:\web\gobang\externallibraries\workerman\workerman-for-win\Connection\TcpConnection.php(629): call_user_func(Array, Object(Workerman\Connection\AsyncTcpConnection), Array)
#4 [internal function]: Workerman\Connection\TcpConnection->baseRead(Resource id #27)
#5 D:\web\gobang\externallibraries\workerman\workerman-for-win\Events\Select.php(286): call_user_func_array(Array, Array)
#6 D:\web\gobang\externallibraries\workerman\workerman-for-win\Worker.php(856): Workerman\Events\Select->loop()
#7 D:\web\gobang\externallibraries\workerman\gateway-worker-for-win\src\BusinessWorker.php(190): Workerman\Worker->run()
#8 D:\web\gobang\externallibraries\workerman\workerman-for-win\Worker.php(473): GatewayWorker\BusinessWorker->run()
#9 D:\web\gobang\externallibraries\workerman\workerman-for-win\Worker.php(382): Workerman\Worker::runAllWorkers()
#10 D:\web\gobang\start_businessworker.php(33): Workerman\Worker::runAll()
#11 {main}
2017-10-04 04:22:26 Exception: $message_data['update'] none. client_ip:127.0.0.1 $message:{"type":"update","data":"106"} in D:\web\gobang\Events.php:65
Stack trace:
#0 [internal function]: Events::onMessage('7f00000108fc000...', '{"type":"update...')
#1 D:\web\gobang\externallibraries\workerman\gateway-worker-for-win\src\BusinessWorker.php(384): call_user_func('Events::onMessa...', '7f00000108fc000...', '{"type":"update...')
#2 [internal function]: GatewayWorker\BusinessWorker->onGatewayMessage(Object(Workerman\Connection\AsyncTcpConnection), Array)
#3 D:\web\gobang\externallibraries\workerman\workerman-for-win\Connection\TcpConnection.php(629): call_user_func(Array, Object(Workerman\Connection\AsyncTcpConnection), Array)
#4 [internal function]: Workerman\Connection\TcpConnection->baseRead(Resource id #27)
#5 D:\web\gobang\externallibraries\workerman\workerman-for-win\Events\Select.php(286): call_user_func_array(Array, Array)
#6 D:\web\gobang\externallibraries\workerman\workerman-for-win\Worker.php(856): Workerman\Events\Select->loop()
#7 D:\web\gobang\externallibraries\workerman\gateway-worker-for-win\src\BusinessWorker.php(190): Workerman\Worker->run()
#8 D:\web\gobang\externallibraries\workerman\workerman-for-win\Worker.php(473): GatewayWorker\BusinessWorker->run()
#9 D:\web\gobang\externallibraries\workerman\workerman-for-win\Worker.php(382): Workerman\Worker::runAllWorkers()
#10 D:\web\gobang\start_businessworker.php(33): Workerman\Worker::runAll()
#11 {main}
2017-10-04 04:22:27 Exception: $message_data['update'] none. client_ip:127.0.0.1 $message:{"type":"update","data":"107"} in D:\web\gobang\Events.php:65
Stack trace:
#0 [internal function]: Events::onMessage('7f00000108fc000...', '{"type":"update...')
#1 D:\web\gobang\externallibraries\workerman\gateway-worker-for-win\src\BusinessWorker.php(384): call_user_func('Events::onMessa...', '7f00000108fc000...', '{"type":"update...')
#2 [internal function]: GatewayWorker\BusinessWorker->onGatewayMessage(Object(Workerman\Connection\AsyncTcpConnection), Array)
#3 D:\web\gobang\externallibraries\workerman\workerman-for-win\Connection\TcpConnection.php(629): call_user_func(Array, Object(Workerman\Connection\AsyncTcpConnection), Array)
#4 [internal function]: Workerman\Connection\TcpConnection->baseRead(Resource id #27)
#5 D:\web\gobang\externallibraries\workerman\workerman-for-win\Events\Select.php(286): call_user_func_array(Array, Array)
#6 D:\web\gobang\externallibraries\workerman\workerman-for-win\Worker.php(856): Workerman\Events\Select->loop()
#7 D:\web\gobang\externallibraries\workerman\gateway-worker-for-win\src\BusinessWorker.php(190): Workerman\Worker->run()
#8 D:\web\gobang\externallibraries\workerman\workerman-for-win\Worker.php(473): GatewayWorker\BusinessWorker->run()
#9 D:\web\gobang\externallibraries\workerman\workerman-for-win\Worker.php(382): Workerman\Worker::runAllWorkers()
#10 D:\web\gobang\start_businessworker.php(33): Workerman\Worker::runAll()
#11 {main}
2017-10-04 04:22:32 Exception: $message_data['update'] none. client_ip:127.0.0.1 $message:{"type":"login","client_name":"12334566"} in D:\web\gobang\Events.php:65
Stack trace:
#0 [internal function]: Events::onMessage('7f00000108fc000...', '{"type":"login"...')
#1 D:\web\gobang\externallibraries\workerman\gateway-worker-for-win\src\BusinessWorker.php(384): call_user_func('Events::onMessa...', '7f00000108fc000...', '{"type":"login"...')
#2 [internal function]: GatewayWorker\BusinessWorker->onGatewayMessage(Object(Workerman\Connection\AsyncTcpConnection), Array)
#3 D:\web\gobang\externallibraries\workerman\workerman-for-win\Connection\TcpConnection.php(629): call_user_func(Array, Object(Workerman\Connection\AsyncTcpConnection), Array)
#4 [internal function]: Workerman\Connection\TcpConnection->baseRead(Resource id #27)
#5 D:\web\gobang\externallibraries\workerman\workerman-for-win\Events\Select.php(286): call_user_func_array(Array, Array)
#6 D:\web\gobang\externallibraries\workerman\workerman-for-win\Worker.php(856): Workerman\Events\Select->loop()
#7 D:\web\gobang\externallibraries\workerman\gateway-worker-for-win\src\BusinessWorker.php(190): Workerman\Worker->run()
#8 D:\web\gobang\externallibraries\workerman\workerman-for-win\Worker.php(473): GatewayWorker\BusinessWorker->run()
#9 D:\web\gobang\externallibraries\workerman\workerman-for-win\Worker.php(382): Workerman\Worker::runAllWorkers()
#10 D:\web\gobang\start_businessworker.php(33): Workerman\Worker::runAll()
#11 {main}
2017-10-04 04:22:33 Exception: $message_data['update'] none. client_ip:127.0.0.1 $message:{"type":"update","data":"106"} in D:\web\gobang\Events.php:65
Stack trace:
#0 [internal function]: Events::onMessage('7f00000108fc000...', '{"type":"update...')
#1 D:\web\gobang\externallibraries\workerman\gateway-worker-for-win\src\BusinessWorker.php(384): call_user_func('Events::onMessa...', '7f00000108fc000...', '{"type":"update...')
#2 [internal function]: GatewayWorker\BusinessWorker->onGatewayMessage(Object(Workerman\Connection\AsyncTcpConnection), Array)
#3 D:\web\gobang\externallibraries\workerman\workerman-for-win\Connection\TcpConnection.php(629): call_user_func(Array, Object(Workerman\Connection\AsyncTcpConnection), Array)
#4 [internal function]: Workerman\Connection\TcpConnection->baseRead(Resource id #27)
#5 D:\web\gobang\externallibraries\workerman\workerman-for-win\Events\Select.php(286): call_user_func_array(Array, Array)
#6 D:\web\gobang\externallibraries\workerman\workerman-for-win\Worker.php(856): Workerman\Events\Select->loop()
#7 D:\web\gobang\externallibraries\workerman\gateway-worker-for-win\src\BusinessWorker.php(190): Workerman\Worker->run()
#8 D:\web\gobang\externallibraries\workerman\workerman-for-win\Worker.php(473): GatewayWorker\BusinessWorker->run()
#9 D:\web\gobang\externallibraries\workerman\workerman-for-win\Worker.php(382): Workerman\Worker::runAllWorkers()
#10 D:\web\gobang\start_businessworker.php(33): Workerman\Worker::runAll()
#11 {main}
2017-10-04 04:25:39 Exception: $message_data['update'] none. client_ip:127.0.0.1 $message:{"type":"update","data":"107"} in D:\web\gobang\Events.php:65
Stack trace:
#0 [internal function]: Events::onMessage('7f00000108fc000...', '{"type":"update...')
#1 D:\web\gobang\externallibraries\workerman\gateway-worker-for-win\src\BusinessWorker.php(384): call_user_func('Events::onMessa...', '7f00000108fc000...', '{"type":"update...')
#2 [internal function]: GatewayWorker\BusinessWorker->onGatewayMessage(Object(Workerman\Connection\AsyncTcpConnection), Array)
#3 D:\web\gobang\externallibraries\workerman\workerman-for-win\Connection\TcpConnection.php(629): call_user_func(Array, Object(Workerman\Connection\AsyncTcpConnection), Array)
#4 [internal function]: Workerman\Connection\TcpConnection->baseRead(Resource id #27)
#5 D:\web\gobang\externallibraries\workerman\workerman-for-win\Events\Select.php(286): call_user_func_array(Array, Array)
#6 D:\web\gobang\externallibraries\workerman\workerman-for-win\Worker.php(856): Workerman\Events\Select->loop()
#7 D:\web\gobang\externallibraries\workerman\gateway-worker-for-win\src\BusinessWorker.php(190): Workerman\Worker->run()
#8 D:\web\gobang\externallibraries\workerman\workerman-for-win\Worker.php(473): GatewayWorker\BusinessWorker->run()
#9 D:\web\gobang\externallibraries\workerman\workerman-for-win\Worker.php(382): Workerman\Worker::runAllWorkers()
#10 D:\web\gobang\start_businessworker.php(33): Workerman\Worker::runAll()
#11 {main}
2017-10-04 04:26:48 Exception: $message_data['update'] none. client_ip:127.0.0.1 $message:{"type":"login","client_name":"12334566"} in D:\web\gobang\Events.php:65
Stack trace:
#0 [internal function]: Events::onMessage('7f00000108fc000...', '{"type":"login"...')
#1 D:\web\gobang\externallibraries\workerman\gateway-worker-for-win\src\BusinessWorker.php(384): call_user_func('Events::onMessa...', '7f00000108fc000...', '{"type":"login"...')
#2 [internal function]: GatewayWorker\BusinessWorker->onGatewayMessage(Object(Workerman\Connection\AsyncTcpConnection), Array)
#3 D:\web\gobang\externallibraries\workerman\workerman-for-win\Connection\TcpConnection.php(629): call_user_func(Array, Object(Workerman\Connection\AsyncTcpConnection), Array)
#4 [internal function]: Workerman\Connection\TcpConnection->baseRead(Resource id #27)
#5 D:\web\gobang\externallibraries\workerman\workerman-for-win\Events\Select.php(286): call_user_func_array(Array, Array)
#6 D:\web\gobang\externallibraries\workerman\workerman-for-win\Worker.php(856): Workerman\Events\Select->loop()
#7 D:\web\gobang\externallibraries\workerman\gateway-worker-for-win\src\BusinessWorker.php(190): Workerman\Worker->run()
#8 D:\web\gobang\externallibraries\workerman\workerman-for-win\Worker.php(473): GatewayWorker\BusinessWorker->run()
#9 D:\web\gobang\externallibraries\workerman\workerman-for-win\Worker.php(382): Workerman\Worker::runAllWorkers()
#10 D:\web\gobang\start_businessworker.php(33): Workerman\Worker::runAll()
#11 {main}
2017-10-04 04:26:49 Exception: $message_data['update'] none. client_ip:127.0.0.1 $message:{"type":"update","data":"107"} in D:\web\gobang\Events.php:65
Stack trace:
#0 [internal function]: Events::onMessage('7f00000108fc000...', '{"type":"update...')
#1 D:\web\gobang\externallibraries\workerman\gateway-worker-for-win\src\BusinessWorker.php(384): call_user_func('Events::onMessa...', '7f00000108fc000...', '{"type":"update...')
#2 [internal function]: GatewayWorker\BusinessWorker->onGatewayMessage(Object(Workerman\Connection\AsyncTcpConnection), Array)
#3 D:\web\gobang\externallibraries\workerman\workerman-for-win\Connection\TcpConnection.php(629): call_user_func(Array, Object(Workerman\Connection\AsyncTcpConnection), Array)
#4 [internal function]: Workerman\Connection\TcpConnection->baseRead(Resource id #27)
#5 D:\web\gobang\externallibraries\workerman\workerman-for-win\Events\Select.php(286): call_user_func_array(Array, Array)
#6 D:\web\gobang\externallibraries\workerman\workerman-for-win\Worker.php(856): Workerman\Events\Select->loop()
#7 D:\web\gobang\externallibraries\workerman\gateway-worker-for-win\src\BusinessWorker.php(190): Workerman\Worker->run()
#8 D:\web\gobang\externallibraries\workerman\workerman-for-win\Worker.php(473): GatewayWorker\BusinessWorker->run()
#9 D:\web\gobang\externallibraries\workerman\workerman-for-win\Worker.php(382): Workerman\Worker::runAllWorkers()
#10 D:\web\gobang\start_businessworker.php(33): Workerman\Worker::runAll()
#11 {main}
2017-10-04 04:26:56 Exception: $message_data['update'] none. client_ip:127.0.0.1 $message:{"type":"update","data":"108"} in D:\web\gobang\Events.php:65
Stack trace:
#0 [internal function]: Events::onMessage('7f00000108fc000...', '{"type":"update...')
#1 D:\web\gobang\externallibraries\workerman\gateway-worker-for-win\src\BusinessWorker.php(384): call_user_func('Events::onMessa...', '7f00000108fc000...', '{"type":"update...')
#2 [internal function]: GatewayWorker\BusinessWorker->onGatewayMessage(Object(Workerman\Connection\AsyncTcpConnection), Array)
#3 D:\web\gobang\externallibraries\workerman\workerman-for-win\Connection\TcpConnection.php(629): call_user_func(Array, Object(Workerman\Connection\AsyncTcpConnection), Array)
#4 [internal function]: Workerman\Connection\TcpConnection->baseRead(Resource id #27)
#5 D:\web\gobang\externallibraries\workerman\workerman-for-win\Events\Select.php(286): call_user_func_array(Array, Array)
#6 D:\web\gobang\externallibraries\workerman\workerman-for-win\Worker.php(856): Workerman\Events\Select->loop()
#7 D:\web\gobang\externallibraries\workerman\gateway-worker-for-win\src\BusinessWorker.php(190): Workerman\Worker->run()
#8 D:\web\gobang\externallibraries\workerman\workerman-for-win\Worker.php(473): GatewayWorker\BusinessWorker->run()
#9 D:\web\gobang\externallibraries\workerman\workerman-for-win\Worker.php(382): Workerman\Worker::runAllWorkers()
#10 D:\web\gobang\start_businessworker.php(33): Workerman\Worker::runAll()
#11 {main}
2017-10-04 04:27:09 Exception: $message_data['update'] none. client_ip:127.0.0.1 $message:{"type":"update","data":"106"} in D:\web\gobang\Events.php:65
Stack trace:
#0 [internal function]: Events::onMessage('7f00000108fc000...', '{"type":"update...')
#1 D:\web\gobang\externallibraries\workerman\gateway-worker-for-win\src\BusinessWorker.php(384): call_user_func('Events::onMessa...', '7f00000108fc000...', '{"type":"update...')
#2 [internal function]: GatewayWorker\BusinessWorker->onGatewayMessage(Object(Workerman\Connection\AsyncTcpConnection), Array)
#3 D:\web\gobang\externallibraries\workerman\workerman-for-win\Connection\TcpConnection.php(629): call_user_func(Array, Object(Workerman\Connection\AsyncTcpConnection), Array)
#4 [internal function]: Workerman\Connection\TcpConnection->baseRead(Resource id #27)
#5 D:\web\gobang\externallibraries\workerman\workerman-for-win\Events\Select.php(286): call_user_func_array(Array, Array)
#6 D:\web\gobang\externallibraries\workerman\workerman-for-win\Worker.php(856): Workerman\Events\Select->loop()
#7 D:\web\gobang\externallibraries\workerman\gateway-worker-for-win\src\BusinessWorker.php(190): Workerman\Worker->run()
#8 D:\web\gobang\externallibraries\workerman\workerman-for-win\Worker.php(473): GatewayWorker\BusinessWorker->run()
#9 D:\web\gobang\externallibraries\workerman\workerman-for-win\Worker.php(382): Workerman\Worker::runAllWorkers()
#10 D:\web\gobang\start_businessworker.php(33): Workerman\Worker::runAll()
#11 {main}
2017-10-04 04:27:10 SendBufferToWorker fail. The connections between Gateway and BusinessWorker are not ready. See http://wiki.workerman.net/Error3 for detail
2017-10-04 04:27:10 SendBufferToWorker fail. The connections between Gateway and BusinessWorker are not ready. See http://wiki.workerman.net/Error3 for detail
2017-10-04 04:27:10 SendBufferToWorker fail. The connections between Gateway and BusinessWorker are not ready. See http://wiki.workerman.net/Error3 for detail
2017-10-04 04:27:10 SendBufferToWorker fail. The connections between Gateway and BusinessWorker are not ready. See http://wiki.workerman.net/Error3 for detail
2017-10-04 04:27:10 Exception: $message_data['update'] none. client_ip:127.0.0.1 $message:{"type":"login","client_name":"12334566"} in D:\web\gobang\Events.php:65
Stack trace:
#0 [internal function]: Events::onMessage('7f00000108fc000...', '{"type":"login"...')
#1 D:\web\gobang\externallibraries\workerman\gateway-worker-for-win\src\BusinessWorker.php(384): call_user_func('Events::onMessa...', '7f00000108fc000...', '{"type":"login"...')
#2 [internal function]: GatewayWorker\BusinessWorker->onGatewayMessage(Object(Workerman\Connection\AsyncTcpConnection), Array)
#3 D:\web\gobang\externallibraries\workerman\workerman-for-win\Connection\TcpConnection.php(629): call_user_func(Array, Object(Workerman\Connection\AsyncTcpConnection), Array)
#4 [internal function]: Workerman\Connection\TcpConnection->baseRead(Resource id #27)
#5 D:\web\gobang\externallibraries\workerman\workerman-for-win\Events\Select.php(286): call_user_func_array(Array, Array)
#6 D:\web\gobang\externallibraries\workerman\workerman-for-win\Worker.php(856): Workerman\Events\Select->loop()
#7 D:\web\gobang\externallibraries\workerman\gateway-worker-for-win\src\BusinessWorker.php(190): Workerman\Worker->run()
#8 D:\web\gobang\externallibraries\workerman\workerman-for-win\Worker.php(473): GatewayWorker\BusinessWorker->run()
#9 D:\web\gobang\externallibraries\workerman\workerman-for-win\Worker.php(382): Workerman\Worker::runAllWorkers()
#10 D:\web\gobang\start_businessworker.php(33): Workerman\Worker::runAll()
#11 {main}
2017-10-04 04:27:24 Exception: $message_data['update'] none. client_ip:127.0.0.1 $message:{"type":"update","data":"109"} in D:\web\gobang\Events.php:65
Stack trace:
#0 [internal function]: Events::onMessage('7f00000108fc000...', '{"type":"update...')
#1 D:\web\gobang\externallibraries\workerman\gateway-worker-for-win\src\BusinessWorker.php(384): call_user_func('Events::onMessa...', '7f00000108fc000...', '{"type":"update...')
#2 [internal function]: GatewayWorker\BusinessWorker->onGatewayMessage(Object(Workerman\Connection\AsyncTcpConnection), Array)
#3 D:\web\gobang\externallibraries\workerman\workerman-for-win\Connection\TcpConnection.php(629): call_user_func(Array, Object(Workerman\Connection\AsyncTcpConnection), Array)
#4 [internal function]: Workerman\Connection\TcpConnection->baseRead(Resource id #27)
#5 D:\web\gobang\externallibraries\workerman\workerman-for-win\Events\Select.php(286): call_user_func_array(Array, Array)
#6 D:\web\gobang\externallibraries\workerman\workerman-for-win\Worker.php(856): Workerman\Events\Select->loop()
#7 D:\web\gobang\externallibraries\workerman\gateway-worker-for-win\src\BusinessWorker.php(190): Workerman\Worker->run()
#8 D:\web\gobang\externallibraries\workerman\workerman-for-win\Worker.php(473): GatewayWorker\BusinessWorker->run()
#9 D:\web\gobang\externallibraries\workerman\workerman-for-win\Worker.php(382): Workerman\Worker::runAllWorkers()
#10 D:\web\gobang\start_businessworker.php(33): Workerman\Worker::runAll()
#11 {main}
2017-10-04 04:27:25 Exception: $message_data['update'] none. client_ip:127.0.0.1 $message:{"type":"update","data":"110"} in D:\web\gobang\Events.php:65
Stack trace:
#0 [internal function]: Events::onMessage('7f00000108fc000...', '{"type":"update...')
#1 D:\web\gobang\externallibraries\workerman\gateway-worker-for-win\src\BusinessWorker.php(384): call_user_func('Events::onMessa...', '7f00000108fc000...', '{"type":"update...')
#2 [internal function]: GatewayWorker\BusinessWorker->onGatewayMessage(Object(Workerman\Connection\AsyncTcpConnection), Array)
#3 D:\web\gobang\externallibraries\workerman\workerman-for-win\Connection\TcpConnection.php(629): call_user_func(Array, Object(Workerman\Connection\AsyncTcpConnection), Array)
#4 [internal function]: Workerman\Connection\TcpConnection->baseRead(Resource id #27)
#5 D:\web\gobang\externallibraries\workerman\workerman-for-win\Events\Select.php(286): call_user_func_array(Array, Array)
#6 D:\web\gobang\externallibraries\workerman\workerman-for-win\Worker.php(856): Workerman\Events\Select->loop()
#7 D:\web\gobang\externallibraries\workerman\gateway-worker-for-win\src\BusinessWorker.php(190): Workerman\Worker->run()
#8 D:\web\gobang\externallibraries\workerman\workerman-for-win\Worker.php(473): GatewayWorker\BusinessWorker->run()
#9 D:\web\gobang\externallibraries\workerman\workerman-for-win\Worker.php(382): Workerman\Worker::runAllWorkers()
#10 D:\web\gobang\start_businessworker.php(33): Workerman\Worker::runAll()
#11 {main}
2017-10-04 04:27:27 Exception: $message_data['update'] none. client_ip:127.0.0.1 $message:{"type":"update","data":"112"} in D:\web\gobang\Events.php:65
Stack trace:
#0 [internal function]: Events::onMessage('7f00000108fc000...', '{"type":"update...')
#1 D:\web\gobang\externallibraries\workerman\gateway-worker-for-win\src\BusinessWorker.php(384): call_user_func('Events::onMessa...', '7f00000108fc000...', '{"type":"update...')
#2 [internal function]: GatewayWorker\BusinessWorker->onGatewayMessage(Object(Workerman\Connection\AsyncTcpConnection), Array)
#3 D:\web\gobang\externallibraries\workerman\workerman-for-win\Connection\TcpConnection.php(629): call_user_func(Array, Object(Workerman\Connection\AsyncTcpConnection), Array)
#4 [internal function]: Workerman\Connection\TcpConnection->baseRead(Resource id #27)
#5 D:\web\gobang\externallibraries\workerman\workerman-for-win\Events\Select.php(286): call_user_func_array(Array, Array)
#6 D:\web\gobang\externallibraries\workerman\workerman-for-win\Worker.php(856): Workerman\Events\Select->loop()
#7 D:\web\gobang\externallibraries\workerman\gateway-worker-for-win\src\BusinessWorker.php(190): Workerman\Worker->run()
#8 D:\web\gobang\externallibraries\workerman\workerman-for-win\Worker.php(473): GatewayWorker\BusinessWorker->run()
#9 D:\web\gobang\externallibraries\workerman\workerman-for-win\Worker.php(382): Workerman\Worker::runAllWorkers()
#10 D:\web\gobang\start_businessworker.php(33): Workerman\Worker::runAll()
#11 {main}
2017-10-04 04:27:28 Exception: $message_data['update'] none. client_ip:127.0.0.1 $message:{"type":"update","data":"212"} in D:\web\gobang\Events.php:65
Stack trace:
#0 [internal function]: Events::onMessage('7f00000108fc000...', '{"type":"update...')
#1 D:\web\gobang\externallibraries\workerman\gateway-worker-for-win\src\BusinessWorker.php(384): call_user_func('Events::onMessa...', '7f00000108fc000...', '{"type":"update...')
#2 [internal function]: GatewayWorker\BusinessWorker->onGatewayMessage(Object(Workerman\Connection\AsyncTcpConnection), Array)
#3 D:\web\gobang\externallibraries\workerman\workerman-for-win\Connection\TcpConnection.php(629): call_user_func(Array, Object(Workerman\Connection\AsyncTcpConnection), Array)
#4 [internal function]: Workerman\Connection\TcpConnection->baseRead(Resource id #27)
#5 D:\web\gobang\externallibraries\workerman\workerman-for-win\Events\Select.php(286): call_user_func_array(Array, Array)
#6 D:\web\gobang\externallibraries\workerman\workerman-for-win\Worker.php(856): Workerman\Events\Select->loop()
#7 D:\web\gobang\externallibraries\workerman\gateway-worker-for-win\src\BusinessWorker.php(190): Workerman\Worker->run()
#8 D:\web\gobang\externallibraries\workerman\workerman-for-win\Worker.php(473): GatewayWorker\BusinessWorker->run()
#9 D:\web\gobang\externallibraries\workerman\workerman-for-win\Worker.php(382): Workerman\Worker::runAllWorkers()
#10 D:\web\gobang\start_businessworker.php(33): Workerman\Worker::runAll()
#11 {main}
2017-10-04 04:27:29 Exception: $message_data['update'] none. client_ip:127.0.0.1 $message:{"type":"update","data":"111"} in D:\web\gobang\Events.php:65
Stack trace:
#0 [internal function]: Events::onMessage('7f00000108fc000...', '{"type":"update...')
#1 D:\web\gobang\externallibraries\workerman\gateway-worker-for-win\src\BusinessWorker.php(384): call_user_func('Events::onMessa...', '7f00000108fc000...', '{"type":"update...')
#2 [internal function]: GatewayWorker\BusinessWorker->onGatewayMessage(Object(Workerman\Connection\AsyncTcpConnection), Array)
#3 D:\web\gobang\externallibraries\workerman\workerman-for-win\Connection\TcpConnection.php(629): call_user_func(Array, Object(Workerman\Connection\AsyncTcpConnection), Array)
#4 [internal function]: Workerman\Connection\TcpConnection->baseRead(Resource id #27)
#5 D:\web\gobang\externallibraries\workerman\workerman-for-win\Events\Select.php(286): call_user_func_array(Array, Array)
#6 D:\web\gobang\externallibraries\workerman\workerman-for-win\Worker.php(856): Workerman\Events\Select->loop()
#7 D:\web\gobang\externallibraries\workerman\gateway-worker-for-win\src\BusinessWorker.php(190): Workerman\Worker->run()
#8 D:\web\gobang\externallibraries\workerman\workerman-for-win\Worker.php(473): GatewayWorker\BusinessWorker->run()
#9 D:\web\gobang\externallibraries\workerman\workerman-for-win\Worker.php(382): Workerman\Worker::runAllWorkers()
#10 D:\web\gobang\start_businessworker.php(33): Workerman\Worker::runAll()
#11 {main}
2017-10-04 04:27:31 Exception: $message_data['update'] none. client_ip:127.0.0.1 $message:{"type":"update","data":"211"} in D:\web\gobang\Events.php:65
Stack trace:
#0 [internal function]: Events::onMessage('7f00000108fc000...', '{"type":"update...')
#1 D:\web\gobang\externallibraries\workerman\gateway-worker-for-win\src\BusinessWorker.php(384): call_user_func('Events::onMessa...', '7f00000108fc000...', '{"type":"update...')
#2 [internal function]: GatewayWorker\BusinessWorker->onGatewayMessage(Object(Workerman\Connection\AsyncTcpConnection), Array)
#3 D:\web\gobang\externallibraries\workerman\workerman-for-win\Connection\TcpConnection.php(629): call_user_func(Array, Object(Workerman\Connection\AsyncTcpConnection), Array)
#4 [internal function]: Workerman\Connection\TcpConnection->baseRead(Resource id #27)
#5 D:\web\gobang\externallibraries\workerman\workerman-for-win\Events\Select.php(286): call_user_func_array(Array, Array)
#6 D:\web\gobang\externallibraries\workerman\workerman-for-win\Worker.php(856): Workerman\Events\Select->loop()
#7 D:\web\gobang\externallibraries\workerman\gateway-worker-for-win\src\BusinessWorker.php(190): Workerman\Worker->run()
#8 D:\web\gobang\externallibraries\workerman\workerman-for-win\Worker.php(473): GatewayWorker\BusinessWorker->run()
#9 D:\web\gobang\externallibraries\workerman\workerman-for-win\Worker.php(382): Workerman\Worker::runAllWorkers()
#10 D:\web\gobang\start_businessworker.php(33): Workerman\Worker::runAll()
#11 {main}
2017-10-04 04:27:32 Exception: $message_data['update'] none. client_ip:127.0.0.1 $message:{"type":"update","data":"210"} in D:\web\gobang\Events.php:65
Stack trace:
#0 [internal function]: Events::onMessage('7f00000108fc000...', '{"type":"update...')
#1 D:\web\gobang\externallibraries\workerman\gateway-worker-for-win\src\BusinessWorker.php(384): call_user_func('Events::onMessa...', '7f00000108fc000...', '{"type":"update...')
#2 [internal function]: GatewayWorker\BusinessWorker->onGatewayMessage(Object(Workerman\Connection\AsyncTcpConnection), Array)
#3 D:\web\gobang\externallibraries\workerman\workerman-for-win\Connection\TcpConnection.php(629): call_user_func(Array, Object(Workerman\Connection\AsyncTcpConnection), Array)
#4 [internal function]: Workerman\Connection\TcpConnection->baseRead(Resource id #27)
#5 D:\web\gobang\externallibraries\workerman\workerman-for-win\Events\Select.php(286): call_user_func_array(Array, Array)
#6 D:\web\gobang\externallibraries\workerman\workerman-for-win\Worker.php(856): Workerman\Events\Select->loop()
#7 D:\web\gobang\externallibraries\workerman\gateway-worker-for-win\src\BusinessWorker.php(190): Workerman\Worker->run()
#8 D:\web\gobang\externallibraries\workerman\workerman-for-win\Worker.php(473): GatewayWorker\BusinessWorker->run()
#9 D:\web\gobang\externallibraries\workerman\workerman-for-win\Worker.php(382): Workerman\Worker::runAllWorkers()
#10 D:\web\gobang\start_businessworker.php(33): Workerman\Worker::runAll()
#11 {main}
2017-10-04 04:27:32 Exception: $message_data['update'] none. client_ip:127.0.0.1 $message:{"type":"update","data":"209"} in D:\web\gobang\Events.php:65
Stack trace:
#0 [internal function]: Events::onMessage('7f00000108fc000...', '{"type":"update...')
#1 D:\web\gobang\externallibraries\workerman\gateway-worker-for-win\src\BusinessWorker.php(384): call_user_func('Events::onMessa...', '7f00000108fc000...', '{"type":"update...')
#2 [internal function]: GatewayWorker\BusinessWorker->onGatewayMessage(Object(Workerman\Connection\AsyncTcpConnection), Array)
#3 D:\web\gobang\externallibraries\workerman\workerman-for-win\Connection\TcpConnection.php(629): call_user_func(Array, Object(Workerman\Connection\AsyncTcpConnection), Array)
#4 [internal function]: Workerman\Connection\TcpConnection->baseRead(Resource id #27)
#5 D:\web\gobang\externallibraries\workerman\workerman-for-win\Events\Select.php(286): call_user_func_array(Array, Array)
#6 D:\web\gobang\externallibraries\workerman\workerman-for-win\Worker.php(856): Workerman\Events\Select->loop()
#7 D:\web\gobang\externallibraries\workerman\gateway-worker-for-win\src\BusinessWorker.php(190): Workerman\Worker->run()
#8 D:\web\gobang\externallibraries\workerman\workerman-for-win\Worker.php(473): GatewayWorker\BusinessWorker->run()
#9 D:\web\gobang\externallibraries\workerman\workerman-for-win\Worker.php(382): Workerman\Worker::runAllWorkers()
#10 D:\web\gobang\start_businessworker.php(33): Workerman\Worker::runAll()
#11 {main}
